2023-11-06 13:18:27,276   INFO  ********************** Loading Data **********************
2023-11-06 13:18:27,426   INFO  ********************** Data Engineering **********************
2023-11-06 13:18:38,041   INFO  ********************** Feature Selection with LightGBM **********************
2023-11-06 13:18:45,452   INFO  ********************** Train the Final Model **********************
2023-11-06 13:18:50,565   INFO  Number of finished trials: 20 
2023-11-06 13:18:50,565   INFO  Best trial:
2023-11-06 13:18:50,565   INFO    Value: 0.9213805336551937
2023-11-06 13:18:50,565   INFO    Params: 
2023-11-06 13:18:50,565   INFO      learning_rate: 0.1
2023-11-06 13:18:50,565   INFO      lambda_l1: 2.2309832910622167
2023-11-06 13:18:50,565   INFO      lambda_l2: 3.4555829512160647
2023-11-06 13:18:50,566   INFO      max_bin: 33
2023-11-06 13:18:50,566   INFO      max_depth: 40
2023-11-06 13:18:50,566   INFO      min_data_in_leaf: 96
2023-11-06 13:18:50,566   INFO      min_child_samples: 82
2023-11-06 13:18:50,566   INFO      num_leaves: 29
2023-11-06 13:18:50,566   INFO      feature_fraction: 0.13435132636166847
2023-11-06 13:18:50,566   INFO      bagging_fraction: 0.10125327741219847
2023-11-06 13:18:50,566   INFO      bagging_freq: 14
2023-11-06 13:18:50,566   INFO  ********************** Create Submission & Save Experiment Results **********************
2023-11-06 13:18:51,323   INFO  ********************** Done **********************
